"../../../Engine/Content/Functions/Engine_MaterialFunctions01/Opacity/CameraDepthFade.uasset" 0
"../../../Engine/Content/EngineMaterials/T_Default_Material_Grid_M.uasset" 1
"../../../Engine/Content/EngineMaterials/T_Default_Material_Grid_N.uasset" 2
"../../../Engine/Content/EngineMaterials/DefaultMaterial.uasset" 3
"../../../Engine/Content/BasicShapes/Cone.uasset" 4
"../../../Engine/Content/EngineMaterials/WorldGridMaterial.uasset" 5
"../../../Engine/Content/BasicShapes/Cube.uasset" 6
"../../../Engine/Content/BasicShapes/Cylinder.uasset" 7
"../../../Engine/Content/BasicShapes/Plane.uasset" 8
"../../../Engine/Content/BasicShapes/Sphere.uasset" 9
"../../../Engine/Content/EditorLandscapeResources/DataLayer.uasset" 10
"../../../Engine/Content/EditorMaterials/GizmoMaterial.uasset" 11
"../../../Engine/Content/EditorMaterials/MAT_Groups_Toggle.uasset" 12
"../../../Engine/Content/EditorMaterials/MAT_Groups_Visibility.uasset" 13
"../../../Engine/Content/EditorMaterials/PreviewShadowIndicator.uasset" 14
"../../../Engine/Content/EditorMaterials/PreviewShadowIndicatorMaterial.uasset" 15
"../../../Engine/Content/EditorMaterials/AssetViewer/EpicQuadPanorama_CC+EV1.uasset" 16
"../../../Engine/Content/EditorMaterials/MatineeGroups/MAT_ColorTrack.uasset" 17
"../../../Engine/Content/EditorMaterials/MatineeGroups/MAT_Groups_Anim.uasset" 18
"../../../Engine/Content/EditorMaterials/MatineeGroups/MAT_Groups_AudioMaster.uasset" 19
"../../../Engine/Content/EditorMaterials/MatineeGroups/MAT_Groups_Director.uasset" 20
"../../../Engine/Content/EditorMaterials/MatineeGroups/MAT_Groups_Event.uasset" 21
"../../../Engine/Content/EditorMaterials/MatineeGroups/MAT_Groups_Fade.uasset" 22
"../../../Engine/Content/EditorMaterials/MatineeGroups/MAT_Groups_Float.uasset" 23
"../../../Engine/Content/EditorMaterials/MatineeGroups/MAT_Groups_Move.uasset" 24
"../../../Engine/Content/EditorMaterials/MatineeGroups/MAT_Groups_Slomo.uasset" 25
"../../../Engine/Content/EditorMaterials/MatineeGroups/MAT_Groups_Sound.uasset" 26
"../../../Engine/Content/EditorMaterials/MatineeGroups/MAT_Groups_Vector.uasset" 27
"../../../Engine/Content/EditorMaterials/ParticleSystems/PSysThumbnail_NoImage.uasset" 28
"../../../Engine/Content/EditorMaterials/ParticleSystems/PSysThumbnail_OOD.uasset" 29
"../../../Engine/Content/EditorMaterials/Camera/CineMat.uasset" 30
"../../../Engine/Content/EditorMaterials/Camera/MI_CineMat_Rig.uasset" 31
"../../../Engine/Content/EditorMeshes/Camera/SM_CraneRig_Arm.uasset" 32
"../../../Engine/Content/EditorMeshes/Camera/SM_CraneRig_Base.uasset" 33
"../../../Engine/Content/EditorMeshes/Camera/SM_CraneRig_Body.uasset" 34
"../../../Engine/Content/EditorMeshes/Camera/SM_CraneRig_Mount.uasset" 35
"../../../Engine/Content/EditorMeshes/Camera/SM_RailRig_Mount.uasset" 36
"../../../Engine/Content/EditorMeshes/Camera/SM_RailRig_Track.uasset" 37
"../../../Engine/Content/EditorMeshes/ColorCalibrator/M_ChromeBall.uasset" 38
"../../../Engine/Content/EditorMeshes/ColorCalibrator/M_ClearCoat.uasset" 39
"../../../Engine/Content/EditorMeshes/ColorCalibrator/M_ClearCoatBlack.uasset" 40
"../../../Engine/Content/EditorMeshes/ColorCalibrator/T_ColorGrid.uasset" 41
"../../../Engine/Content/EditorMeshes/ColorCalibrator/M_ColorGrid.uasset" 42
"../../../Engine/Content/EditorMeshes/ColorCalibrator/M_GreyBall.uasset" 43
"../../../Engine/Content/EditorMeshes/ColorCalibrator/SM_ColorCalibrator.uasset" 44
"../../../Engine/Content/EditorResources/BSPVertex.uasset" 45
"../../../Engine/Content/EditorResources/EmptyActor.uasset" 46
"../../../Engine/Content/EditorResources/S_Actor.uasset" 47
"../../../Engine/Content/EditorResources/S_Trigger.uasset" 48
"../../../Engine/Content/EditorResources/AudioIcons/S_AudioComponent_AutoActivate.uasset" 49
"../../../Engine/Content/EditorResources/LightIcons/S_LightError.uasset" 50
"../../../Engine/Content/EditorResources/SequenceRecorder/Countdown.uasset" 51
"../../../Engine/Content/EditorResources/SequenceRecorder/RecordingIndicator.uasset" 52
"../../../Engine/Content/EditorSounds/Notifications/CompileFailed.uasset" 53
"../../../Engine/Content/EditorSounds/Notifications/CompileFailed_Cue.uasset" 54
"../../../Engine/Content/EditorSounds/Notifications/CompileSuccess.uasset" 55
"../../../Engine/Content/EditorSounds/Notifications/CompileStart_Cue.uasset" 56
"../../../Engine/Content/EditorSounds/Notifications/CompileSuccess_Cue.uasset" 57
"../../../Engine/Content/EngineDamageTypes/DmgTypeBP_Environmental.uasset" 58
"../../../Engine/Content/EngineDebugMaterials/HeatmapGradient.uasset" 59
"../../../Engine/Content/EngineDebugMaterials/BoneWeightMaterial.uasset" 60
"../../../Engine/Content/EngineDebugMaterials/ClothMaterial.uasset" 61
"../../../Engine/Content/EngineDebugMaterials/DebugMeshMaterial.uasset" 62
"../../../Engine/Content/EngineDebugMaterials/GeomMaterial.uasset" 63
"../../../Engine/Content/EngineFonts/Faces/RobotoBold.uasset" 64
"../../../Engine/Content/EngineFonts/Faces/RobotoBoldItalic.uasset" 65
"../../../Engine/Content/EngineFonts/Faces/RobotoItalic.uasset" 66
"../../../Engine/Content/EngineFonts/Faces/RobotoLight.uasset" 67
"../../../Engine/Content/EngineFonts/Faces/RobotoRegular.uasset" 68
"../../../Engine/Content/EngineFonts/Roboto.uasset" 69
"../../../Engine/Content/EngineFonts/Faces/RobotoTiny.uasset" 70
"../../../Engine/Content/EngineFonts/RobotoTiny.uasset" 71
"../../../Engine/Content/EngineMaterials/DefaultBloomKernel.uasset" 72
"../../../Engine/Content/EngineMaterials/DefaultBokeh.uasset" 73
"../../../Engine/Content/EngineMaterials/DefaultDiffuse.uasset" 74
"../../../Engine/Content/EngineMaterials/DefaultDeferredDecalMaterial.uasset" 75
"../../../Engine/Content/EngineMaterials/DefaultLightFunctionMaterial.uasset" 76
"../../../Engine/Content/EngineMaterials/DefaultPhysicalMaterial.uasset" 77
"../../../Engine/Content/Functions/Engine_MaterialFunctions02/Utility/BreakOutFloat2Components.uasset" 78
"../../../Engine/Content/EngineMaterials/DefaultPostProcessMaterial.uasset" 79
"../../../Engine/Content/EngineFonts/RobotoDistanceField.uasset" 80
"../../../Engine/Content/EngineMaterials/DefaultTextMaterialOpaque.uasset" 81
"../../../Engine/Content/EngineMaterials/DefaultWhiteGrid.uasset" 82
"../../../Engine/Content/EngineMaterials/EditorBrushMaterial.uasset" 83
"../../../Engine/Content/EngineMaterials/Good64x64TilingNoiseHighFreq.uasset" 84
"../../../Engine/Content/EngineMaterials/MiniFont.uasset" 85
"../../../Engine/Content/EngineMaterials/InvalidLightmapSettings.uasset" 86
"../../../Engine/Content/EngineMaterials/M_InvalidLightmapSettings.uasset" 87
"../../../Engine/Content/EngineMaterials/PhAT_JointLimitMaterial.uasset" 88
"../../../Engine/Content/EngineMaterials/PreintegratedSkinBRDF.uasset" 89
"../../../Engine/Content/EngineMaterials/RemoveSurfaceMaterial.uasset" 90
"../../../Engine/Content/EngineMaterials/WeightMapPlaceholderTexture.uasset" 91
"../../../Engine/Content/EngineResources/WhiteSquareTexture.uasset" 92
"../../../Engine/Content/EngineMaterials/Widget3DPassThrough.uasset" 93
"../../../Engine/Content/EngineMaterials/Widget3DPassThrough_Masked.uasset" 94
"../../../Engine/Content/EngineMaterials/Widget3DPassThrough_Opaque.uasset" 95
"../../../Engine/Content/EngineMaterials/Widget3DPassThrough_Masked_OneSided.uasset" 96
"../../../Engine/Content/EngineMaterials/Widget3DPassThrough_Opaque_OneSided.uasset" 97
"../../../Engine/Content/EngineMaterials/Widget3DPassThrough_Translucent.uasset" 98
"../../../Engine/Content/EngineMaterials/Widget3DPassThrough_Translucent_OneSided.uasset" 99
"../../../Engine/Content/EngineMeshes/Cube.uasset" 100
"../../../Engine/Content/EngineMeshes/Cylinder.uasset" 101
"../../../Engine/Content/EngineMeshes/Sphere.uasset" 102
"../../../Engine/Content/EngineResources/Black.uasset" 103
"../../../Engine/Content/EngineResources/DefaultTexture.uasset" 104
"../../../Engine/Content/EngineResources/DefaultTextureCube.uasset" 105
"../../../Engine/Content/EngineResources/GradientTexture0.uasset" 106
"../../../Engine/Content/EngineSounds/Master.uasset" 107
"../../../Engine/Content/Functions/Engine_MaterialFunctions01/Shading/ConvertFromDiffSpec.uasset" 108
"../../../Engine/Content/Functions/Engine_MaterialFunctions01/Shading/PowerToRoughness.uasset" 109
"../../../Engine/Content/Maps/Templates/Thumbnails/Default.uasset" 110
"../../../Engine/Content/Maps/Templates/Thumbnails/VR-Basic.uasset" 111
"../../../Engine/Content/MobileResources/T_MobileControls_texture.uasset" 112
"../../../Engine/Content/MobileResources/T_MobileMenu2.uasset" 113
"../../../Engine/Content/MobileResources/HUD/AnalogHat.uasset" 114
"../../../Engine/Content/MobileResources/HUD/VirtualJoystick_Background.uasset" 115
"../../../Engine/Content/MobileResources/HUD/VirtualJoystick_Thumb.uasset" 116
"../../../Engine/Content/MobileResources/HUD/DefaultVirtualJoysticks.uasset" 117
"../../../Engine/Content/MobileResources/HUD/LeftVirtualJoystickOnly.uasset" 118
"../../../Engine/Content/MobileResources/HUD/MobileHUDButton1_off.uasset" 119
"../../../Engine/Content/MobileResources/HUD/MobileHUDButton1_on.uasset" 120
"../../../Engine/Content/MobileResources/HUD/MobileHUDButton2_off.uasset" 121
"../../../Engine/Content/MobileResources/HUD/MobileHUDButton2_on.uasset" 122
"../../../Engine/Content/MobileResources/HUD/MobileHUDButton3.uasset" 123
"../../../Engine/Content/MobileResources/HUD/MobileHUDButtonFire.uasset" 124
"../../../Engine/Content/MobileResources/HUD/MobileHUDDirectionPad.uasset" 125
"../../../Engine/Content/MobileResources/HUD/MobileHUDDirectionPad2.uasset" 126
"../../../Engine/Content/MobileResources/HUD/MobileHUDDirectionPad3.uasset" 127
"../../../Engine/Content/MobileResources/HUD/MobileHUDDirectionStick.uasset" 128
"../../../Engine/Content/MobileResources/HUD/T_Castle_ThumbstickInner.uasset" 129
"../../../Engine/Content/MobileResources/HUD/T_Castle_ThumbstickOutter.uasset" 130
"../../../Engine/Content/Tutorial/ContentIntroCurve.uasset" 131
"../../../Engine/Content/Tutorial/Basics/TutorialAssets/icon_tab_Levels_40x.uasset" 132
"../../../Engine/Content/Tutorial/BlueprintTutorials/TutorialAssets/BlueprintInterface_64x.uasset" 133
"../../../Engine/Content/Tutorial/BlueprintTutorials/TutorialAssets/BlueprintMacroLibrary_64x.uasset" 134
"../../../Engine/Content/Tutorial/BlueprintTutorials/TutorialAssets/Blueprint_64x.uasset" 135
"../../../Engine/Content/Tutorial/BlueprintTutorials/TutorialAssets/Tutorial_BP_Interface.uasset" 136
"../../../Engine/Content/Tutorial/Foliage/TutorialAssets/Foliage.uasset" 137
"../../../Engine/Content/Tutorial/Landscape/TutorialAssets/Landscape.uasset" 138
"../../../Engine/Content/Tutorial/Mobile/TutorialAssets/android_Icon.uasset" 139
"../../../Engine/Content/Tutorial/Paper2D/TutorialAssets/Paper2DFlipbook_TutorialIcon.uasset" 140
"../../../Engine/Content/Tutorial/Paper2D/TutorialAssets/Paper2DSprite_TutorialIcon.uasset" 141
"../../../Engine/Content/Tutorial/SubEditors/TutorialAssets/icon_Editor_Preferences_General_40x.uasset" 142
"../../../Engine/Content/Tutorial/SubEditors/TutorialAssets/icon_ShowSkeletalMeshes_40x.uasset" 143
"../../../Engine/Content/Tutorial/SubEditors/TutorialAssets/TutorialMaterial.uasset" 144
"../../../Engine/Content/Tutorial/SubEditors/TutorialAssets/T_SmokeSubUV_8X8.uasset" 145
"../../../Engine/Content/Tutorial/SubEditors/TutorialAssets/T_soft_smoke.uasset" 146
"../../../Engine/Content/Tutorial/SubEditors/TutorialAssets/M_smoke_subUV_blackbody.uasset" 147
"../../../Engine/Content/Tutorial/SubEditors/TutorialAssets/TutorialParticleSystem.uasset" 148
"../../../Engine/Content/EditorMeshes/EditorCube.uasset" 149
"../../../Engine/Content/Tutorial/SubEditors/TutorialAssets/Tutorial_DM.uasset" 150
"../../../Engine/Content/VREditor/Devices/Generic/GenericHMDMaterial.uasset" 151
"../../../Engine/Content/VREditor/Devices/Generic/GenericHMD.uasset" 152
"../../../Engine/Content/VREditor/FloatingText/LineMaterial.uasset" 153
"../../../Engine/Content/VREditor/FloatingText/JointSphere.uasset" 154
"../../../Engine/Content/VREditor/FloatingText/LineSegmentCylinder.uasset" 155
"../../../Engine/Content/VREditor/Fonts/VRText_RobotoLarge.uasset" 156
"../../../Engine/Content/VREditor/Fonts/VRTextMaterial.uasset" 157
"../../../Engine/Content/VREditor/Fonts/TranslucentVRTextMaterial.uasset" 158
"../../../Engine/Content/VREditor/LaserPointer/VR_LaserPower_01.uasset" 159
"../../../Engine/Content/VREditor/TransformGizmo/TransformGizmoMaterial.uasset" 160
"../../../Engine/Content/VREditor/LaserPointer/HoverMaterial.uasset" 161
"../../../Engine/Content/VREditor/TransformGizmo/TranslucentTransformGizmoMaterial.uasset" 162
"../../../Engine/Content/VREditor/LaserPointer/TranslucentHoverMaterial.uasset" 163
"../../../Engine/Content/VREditor/LaserPointer/HoverMesh.uasset" 164
"../../../Engine/Content/VREditor/LaserPointer/LaserPointerMaterial.uasset" 165
"../../../Engine/Content/VREditor/LaserPointer/LaserPointerMaterialInst.uasset" 166
"../../../Engine/Content/VREditor/LaserPointer/TranslucentLaserPointerMaterialInst.uasset" 167
"../../../Engine/Content/VREditor/LaserPointer/LaserPointerMesh.uasset" 168
"../../../Engine/Content/VREditor/LaserPointer/LaserPointerMesh_End.uasset" 169
"../../../Engine/Content/VREditor/LaserPointer/LaserPointerMesh_Start.uasset" 170
"../../../Engine/Content/Functions/Engine_MaterialFunctions02/Utility/BreakOutFloat3Components.uasset" 171
"../../../Engine/Content/Functions/Engine_MaterialFunctions02/Math/Transform3x3Matrix.uasset" 172
"../../../Engine/Content/Functions/Engine_MaterialFunctions02/SplitComponents.uasset" 173
"../../../Engine/Content/Functions/Engine_MaterialFunctions02/Utility/MakeFloat3.uasset" 174
"../../../Engine/Content/VREditor/SnapGrid/SnapGridMaterial.uasset" 175
"../../../Engine/Content/VREditor/SnapGrid/SnapGridPlaneMesh.uasset" 176
"../../../Engine/Content/VREditor/Sounds/VR_teleport_Cue.uasset" 177
"../../../Engine/Content/VREditor/Sounds/UI/Click_on_Button_Cue.uasset" 178
"../../../Engine/Content/VREditor/Sounds/UI/Dockable_Window_Close.uasset" 179
"../../../Engine/Content/VREditor/Sounds/UI/Dockable_Window_Drop.uasset" 180
"../../../Engine/Content/VREditor/Sounds/UI/Dockable_Window_Open.uasset" 181
"../../../Engine/Content/VREditor/Sounds/UI/Dockable_Window_Pick_Up.uasset" 182
"../../../Engine/Content/VREditor/Sounds/UI/Drop_Item_From_ContentBrowser.uasset" 183
"../../../Engine/Content/VREditor/Sounds/UI/Floating_UI_Open-001.uasset" 184
"../../../Engine/Content/VREditor/Sounds/UI/Gizmo_Handle_Clicked.uasset" 185
"../../../Engine/Content/VREditor/Sounds/UI/Object_PickUp.uasset" 186
"../../../Engine/Content/VREditor/Sounds/UI/Object_Snaps_To_Another_Actor.uasset" 187
"../../../Engine/Content/VREditor/Sounds/UI/Object_Snaps_To_Grid.uasset" 188
"../../../Engine/Content/VREditor/Sounds/UI/Radial_Menu_FadeOut.uasset" 189
"../../../Engine/Content/VREditor/Sounds/UI/Scaling_Down.uasset" 190
"../../../Engine/Content/VREditor/Sounds/UI/Scaling_Up.uasset" 191
"../../../Engine/Content/VREditor/Sounds/UI/Selection_Changes.uasset" 192
"../../../Engine/Content/VREditor/Sounds/UI/Teleport_Mode_Entered.uasset" 193
"../../../Engine/Content/VREditor/Teleport/TeleportDirectionMaterial.uasset" 194
"../../../Engine/Content/VREditor/Teleport/TeleportDirectionMaterial_Inst.uasset" 195
"../../../Engine/Content/VREditor/Teleport/TeleportDirectionMesh.uasset" 196
"../../../Engine/Content/VREditor/TransformGizmo/BoundingBoxCorner.uasset" 197
"../../../Engine/Content/VREditor/TransformGizmo/BoundingBoxEdge.uasset" 198
"../../../Engine/Content/VREditor/TransformGizmo/PlaneTranslationHandle.uasset" 199
"../../../Engine/Content/VREditor/TransformGizmo/RotationHandle.uasset" 200
"../../../Engine/Content/VREditor/TransformGizmo/RotationHandleFull.uasset" 201
"../../../Engine/Content/VREditor/TransformGizmo/RotationHandleIndicator.uasset" 202
"../../../Engine/Content/VREditor/TransformGizmo/RotationHandleQuarter.uasset" 203
"../../../Engine/Content/VREditor/TransformGizmo/Main.uasset" 204
"../../../Engine/Content/VREditor/TransformGizmo/Xray.uasset" 205
"../../../Engine/Content/VREditor/TransformGizmo/SM_Dialog_Close.uasset" 206
"../../../Engine/Content/VREditor/TransformGizmo/SM_Dialog_Move.uasset" 207
"../../../Engine/Content/VREditor/TransformGizmo/SM_Sequencer_Key.uasset" 208
"../../../Engine/Content/VREditor/TransformGizmo/StartRotationHandleIndicator.uasset" 209
"../../../Engine/Content/VREditor/TransformGizmo/TransformGizmoMaterial_Inst.uasset" 210
"../../../Engine/Content/VREditor/TransformGizmo/TranslateArrowHandle.uasset" 211
"../../../Engine/Content/VREditor/TransformGizmo/TranslationHandle.uasset" 212
"../../../Engine/Content/VREditor/TransformGizmo/TranslucentTransformGizmoMaterial_Inst.uasset" 213
"../../../Engine/Content/VREditor/TransformGizmo/UniformScaleHandle.uasset" 214
"../../../Engine/Content/VREditor/UI/KeyDiskMaterial.uasset" 215
"../../../Engine/Content/VREditor/UI/DiscMaterial.uasset" 216
"../../../Engine/Content/VREditor/UI/SM_Radial_Disk.uasset" 217
"../../../Engine/Content/Functions/Engine_MaterialFunctions01/Gradient/RadialGradient.uasset" 218
"../../../Engine/Content/VREditor/WorldMovementGrid/SimpleGrid.uasset" 219
"../../../Engine/Content/VREditor/WorldMovementGrid/GridMaterial.uasset" 220
"../../../Engine/Content/Functions/Engine_MaterialFunctions01/Density/ExponentialDensity.uasset" 221
"../../../Engine/Content/VREditor/WorldMovementGrid/GridPostProcess.uasset" 222
"../../../Engine/Content/EditorLandscapeResources/FlattenHeightMat.uasset" 223
"../../../Engine/Content/VREditor/WorldMovementGrid/PlaneMesh.uasset" 224
"../../../Engine/Plugins/2D/Paper2D/Content/DummySprite.uasset" 225
"../../../Engine/Plugins/2D/Paper2D/Content/DefaultPaperTerrainMaterial.uasset" 226
"../../../Engine/Plugins/2D/Paper2D/Content/DefaultSpriteMaterial.uasset" 227
"../../../Engine/Plugins/2D/Paper2D/Content/MaskedUnlitSpriteMaterial.uasset" 228
"../../../Engine/Plugins/2D/Paper2D/Content/OpaqueUnlitSpriteMaterial.uasset" 229
"../../../Engine/Plugins/2D/Paper2D/Content/PlaceholderTextures/DummySpriteTexture.uasset" 230
"../../../Engine/Plugins/Runtime/GearVR/Content/Textures/GearVRController_AO.uasset" 231
"../../../Engine/Plugins/Runtime/GearVR/Content/Textures/GearVRController_Color.uasset" 232
"../../../Engine/Plugins/Runtime/GearVR/Content/Textures/GearVRController_Normal.uasset" 233
"../../../Engine/Plugins/Runtime/GearVR/Content/Materials/GearVRControllerMaterial.uasset" 234
"../../../Engine/Plugins/Runtime/GearVR/Content/Meshes/GearVrController.uasset" 235
"../../../MyFirstGameJam/Content/MyFirstGameJam/MainChar/MainChar_Skeleton.uasset" 236
"../../../MyFirstGameJam/Content/MyFirstGameJam/MainChar/MainChar_Anim_Idle.uasset" 237
"../../../MyFirstGameJam/Content/MyFirstGameJam/MainChar/MainChar_Anim_Walking.uasset" 238
"../../../Engine/Content/EditorBlueprintResources/StandardMacros.uasset" 239
"../../../MyFirstGameJam/Content/MyFirstGameJam/MainChar/MainCharAnimBp.uasset" 240
"../../../MyFirstGameJam/Content/MyFirstGameJam/Lose.uasset" 241
"../../../MyFirstGameJam/Content/MyFirstGameJam/mUI.uasset" 242
"../../../MyFirstGameJam/Content/Geometry/Meshes/CubeMaterial.uasset" 243
"../../../MyFirstGameJam/Content/Geometry/Meshes/1M_Cube.uasset" 244
"../../../MyFirstGameJam/Content/MyFirstGameJam/Interaction.uasset" 245
"../../../MyFirstGameJam/Content/MyFirstGameJam/MainChar/Hair.uasset" 246
"../../../MyFirstGameJam/Content/MyFirstGameJam/MainChar/Jeans.uasset" 247
"../../../MyFirstGameJam/Content/MyFirstGameJam/MainChar/Shirt.uasset" 248
"../../../MyFirstGameJam/Content/MyFirstGameJam/MainChar/Skin.uasset" 249
"../../../MyFirstGameJam/Content/MyFirstGameJam/MainChar/MainChar_PhysicsAsset.uasset" 250
"../../../MyFirstGameJam/Content/MyFirstGameJam/MainChar/MainChar.uasset" 251
"../../../MyFirstGameJam/Content/MyFirstGameJam/Sounds/ElevatorBlingWav.uasset" 252
"../../../MyFirstGameJam/Content/MyFirstGameJam/SideScrollerCharacter.uasset" 253
"../../../Engine/Content/EngineSky/C_Sky_Cloud_Color.uasset" 254
"../../../Engine/Content/EngineSky/C_Sky_Horizon_Color.uasset" 255
"../../../Engine/Content/EngineSky/C_Sky_Zenith_Color.uasset" 256
"../../../Engine/Content/EngineSky/T_Sky_Blue.uasset" 257
"../../../Engine/Content/EngineSky/T_Sky_Clouds_M.uasset" 258
"../../../Engine/Content/EngineSky/T_Sky_Stars.uasset" 259
"../../../Engine/Content/EngineSky/M_Sky_Panning_Clouds2.uasset" 260
"../../../Engine/Content/EngineSky/SM_SkySphere.uasset" 261
"../../../Engine/Content/EngineSky/BP_Sky_Sphere.uasset" 262
"../../../MyFirstGameJam/Content/SideScrollerBP/Maps/SideScrollerExampleMap_BuiltData.uasset" 263
"../../../MyFirstGameJam/Content/MyFirstGameJam/Props/Computer2.uasset" 264
"../../../MyFirstGameJam/Content/MyFirstGameJam/Props/ComputerLight.uasset" 265
"../../../MyFirstGameJam/Content/MyFirstGameJam/Props/Fotaille1.uasset" 266
"../../../MyFirstGameJam/Content/MyFirstGameJam/Props/Painting1.uasset" 267
"../../../MyFirstGameJam/Content/MyFirstGameJam/Characters/Mats/Hair/HairBrown.uasset" 268
"../../../MyFirstGameJam/Content/MyFirstGameJam/Characters/Mats/Jeans/JeansDarkBlue.uasset" 269
"../../../MyFirstGameJam/Content/MyFirstGameJam/Characters/Mats/Jeans/JeansGrey.uasset" 270
"../../../MyFirstGameJam/Content/MyFirstGameJam/Characters/Mats/Jeans/JeansWhite.uasset" 271
"../../../MyFirstGameJam/Content/MyFirstGameJam/Characters/Mats/Shirt/ShirtBlack.uasset" 272
"../../../MyFirstGameJam/Content/MyFirstGameJam/Characters/Mats/Shirt/ShirtCyan.uasset" 273
"../../../MyFirstGameJam/Content/MyFirstGameJam/Characters/Mats/Skin/SkinBrown.uasset" 274
"../../../MyFirstGameJam/Content/MyFirstGameJam/Props/Chair1.uasset" 275
"../../../MyFirstGameJam/Content/MyFirstGameJam/Props/Chair2.uasset" 276
"../../../MyFirstGameJam/Content/MyFirstGameJam/Building/Ceiling.uasset" 277
"../../../MyFirstGameJam/Content/MyFirstGameJam/Building/CeilingLights.uasset" 278
"../../../MyFirstGameJam/Content/MyFirstGameJam/Building/Curtains.uasset" 279
"../../../MyFirstGameJam/Content/MyFirstGameJam/Building/ElevatorInside.uasset" 280
"../../../MyFirstGameJam/Content/MyFirstGameJam/Building/Floor.uasset" 281
"../../../MyFirstGameJam/Content/MyFirstGameJam/Building/OutsideHouse.uasset" 282
"../../../MyFirstGameJam/Content/MyFirstGameJam/Building/Roof.uasset" 283
"../../../MyFirstGameJam/Content/MyFirstGameJam/Building/SideBars.uasset" 284
"../../../MyFirstGameJam/Content/MyFirstGameJam/Building/Walls.uasset" 285
"../../../MyFirstGameJam/Content/MyFirstGameJam/Building/InsideWallBase.uasset" 286
"../../../MyFirstGameJam/Content/MyFirstGameJam/Building/InsideWall1.uasset" 287
"../../../MyFirstGameJam/Content/MyFirstGameJam/Building/InsideWall10.uasset" 288
"../../../MyFirstGameJam/Content/MyFirstGameJam/Building/InsideWall2.uasset" 289
"../../../MyFirstGameJam/Content/MyFirstGameJam/Building/InsideWall3.uasset" 290
"../../../MyFirstGameJam/Content/MyFirstGameJam/Building/InsideWall4.uasset" 291
"../../../MyFirstGameJam/Content/MyFirstGameJam/Building/InsideWall5.uasset" 292
"../../../MyFirstGameJam/Content/MyFirstGameJam/Building/InsideWall6.uasset" 293
"../../../MyFirstGameJam/Content/MyFirstGameJam/Building/InsideWall7.uasset" 294
"../../../MyFirstGameJam/Content/MyFirstGameJam/Building/InsideWall8.uasset" 295
"../../../MyFirstGameJam/Content/MyFirstGameJam/Building/InsideWall9.uasset" 296
"../../../MyFirstGameJam/Content/MyFirstGameJam/Building/Building.uasset" 297
"../../../MyFirstGameJam/Content/MyFirstGameJam/Characters/Mats/Shirt/ShirLightBlue.uasset" 298
"../../../MyFirstGameJam/Content/MyFirstGameJam/Characters/Mats/Skin/SkinEuropean.uasset" 299
"../../../MyFirstGameJam/Content/MyFirstGameJam/Characters/BossArms.uasset" 300
"../../../MyFirstGameJam/Content/MyFirstGameJam/Props/Computer1.uasset" 301
"../../../MyFirstGameJam/Content/MyFirstGameJam/Characters/BossPhone.uasset" 302
"../../../MyFirstGameJam/Content/MyFirstGameJam/Characters/Mats/Hair/HairBlond.uasset" 303
"../../../MyFirstGameJam/Content/MyFirstGameJam/Characters/Mats/Shirt/ShirtDarkGreen.uasset" 304
"../../../MyFirstGameJam/Content/MyFirstGameJam/Characters/Couch.uasset" 305
"../../../MyFirstGameJam/Content/MyFirstGameJam/Characters/Sitting.uasset" 306
"../../../MyFirstGameJam/Content/MyFirstGameJam/Characters/Standing.uasset" 307
"../../../MyFirstGameJam/Content/MyFirstGameJam/Props/Box1.uasset" 308
"../../../MyFirstGameJam/Content/MyFirstGameJam/Props/Metal.uasset" 309
"../../../MyFirstGameJam/Content/MyFirstGameJam/Props/Box.uasset" 310
"../../../MyFirstGameJam/Content/MyFirstGameJam/Props/Chair.uasset" 311
"../../../MyFirstGameJam/Content/MyFirstGameJam/Props/Chandaleir.uasset" 312
"../../../Engine/Content/Functions/Engine_MaterialFunctions02/HueShift.uasset" 313
"../../../MyFirstGameJam/Content/MyFirstGameJam/Props/PCscreen.uasset" 314
"../../../MyFirstGameJam/Content/MyFirstGameJam/Props/ComputerScreen.uasset" 315
"../../../MyFirstGameJam/Content/MyFirstGameJam/Props/Computer.uasset" 316
"../../../MyFirstGameJam/Content/MyFirstGameJam/Props/Server.uasset" 317
"../../../MyFirstGameJam/Content/MyFirstGameJam/Props/ComputerServer.uasset" 318
"../../../MyFirstGameJam/Content/MyFirstGameJam/Props/Counter1.uasset" 319
"../../../MyFirstGameJam/Content/MyFirstGameJam/Props/Counter2.uasset" 320
"../../../MyFirstGameJam/Content/MyFirstGameJam/Props/Counter.uasset" 321
"../../../MyFirstGameJam/Content/MyFirstGameJam/Props/Cup1.uasset" 322
"../../../MyFirstGameJam/Content/MyFirstGameJam/Props/Drink.uasset" 323
"../../../MyFirstGameJam/Content/MyFirstGameJam/Props/Cup.uasset" 324
"../../../MyFirstGameJam/Content/MyFirstGameJam/Props/Brownie.uasset" 325
"../../../MyFirstGameJam/Content/MyFirstGameJam/Props/Brownie2.uasset" 326
"../../../MyFirstGameJam/Content/MyFirstGameJam/Props/Plate.uasset" 327
"../../../MyFirstGameJam/Content/MyFirstGameJam/Props/Desert.uasset" 328
"../../../MyFirstGameJam/Content/MyFirstGameJam/Props/Fotaille.uasset" 329
"../../../MyFirstGameJam/Content/MyFirstGameJam/Props/Fotaille2.uasset" 330
"../../../MyFirstGameJam/Content/MyFirstGameJam/Props/FotailleBig.uasset" 331
"../../../MyFirstGameJam/Content/MyFirstGameJam/Props/FotailleSmall.uasset" 332
"../../../MyFirstGameJam/Content/MyFirstGameJam/Props/Table2.uasset" 333
"../../../MyFirstGameJam/Content/MyFirstGameJam/Props/Table3.uasset" 334
"../../../MyFirstGameJam/Content/MyFirstGameJam/Props/LongTable.uasset" 335
"../../../MyFirstGameJam/Content/MyFirstGameJam/Props/OutsideHouseHigh.uasset" 336
"../../../MyFirstGameJam/Content/MyFirstGameJam/Props/OutsideHouseLow.uasset" 337
"../../../MyFirstGameJam/Content/MyFirstGameJam/Props/OutsideHouseMid.uasset" 338
"../../../MyFirstGameJam/Content/MyFirstGameJam/Props/PaintingFrame.uasset" 339
"../../../MyFirstGameJam/Content/MyFirstGameJam/Props/Painting.uasset" 340
"../../../MyFirstGameJam/Content/MyFirstGameJam/Props/Papers1.uasset" 341
"../../../MyFirstGameJam/Content/MyFirstGameJam/Props/Papers.uasset" 342
"../../../MyFirstGameJam/Content/MyFirstGameJam/Props/PapersWall.uasset" 343
"../../../MyFirstGameJam/Content/MyFirstGameJam/Props/Ground.uasset" 344
"../../../Engine/Content/Functions/Engine_MaterialFunctions01/WorldPositionOffset/SimpleGrassWind.uasset" 345
"../../../MyFirstGameJam/Content/MyFirstGameJam/Props/Plant1.uasset" 346
"../../../MyFirstGameJam/Content/MyFirstGameJam/Props/Pot.uasset" 347
"../../../MyFirstGameJam/Content/MyFirstGameJam/Props/Plant.uasset" 348
"../../../MyFirstGameJam/Content/MyFirstGameJam/Props/Printer.uasset" 349
"../../../MyFirstGameJam/Content/MyFirstGameJam/Props/Box2.uasset" 350
"../../../MyFirstGameJam/Content/MyFirstGameJam/Props/RestrictedAccess.uasset" 351
"../../../MyFirstGameJam/Content/MyFirstGameJam/Props/ShatteredDesset.uasset" 352
"../../../MyFirstGameJam/Content/MyFirstGameJam/Props/Glass.uasset" 353
"../../../MyFirstGameJam/Content/MyFirstGameJam/Props/SmallTable.uasset" 354
"../../../MyFirstGameJam/Content/MyFirstGameJam/Props/Table1.uasset" 355
"../../../MyFirstGameJam/Content/MyFirstGameJam/Props/Table.uasset" 356
"../../../MyFirstGameJam/Content/MyFirstGameJam/Props/Trashcan.uasset" 357
"../../../MyFirstGameJam/Content/MyFirstGameJam/Props/WallPaper.uasset" 358
"../../../MyFirstGameJam/Content/MyFirstGameJam/Sounds/StreetAt.uasset" 359
"../../../MyFirstGameJam/Content/MyFirstGameJam/Sounds/Streetwav.uasset" 360
"../../../MyFirstGameJam/Content/MyFirstGameJam/Sounds/WindWav.uasset" 361
"../../../MyFirstGameJam/Content/SideScrollerBP/Maps/SideScrollerExampleMap.umap" 362
"../../../Engine/Content/Maps/Entry.umap" 363
